<?xml version="1.0" encoding="UTF-8"?>
<!-- Generated by org.testng.reporters.JUnitXMLReporter -->
<testsuite hostname="LAPTOP-NQ28SJGQ" ignored="0" name="Default test" tests="3" failures="0" timestamp="2021-08-06T23:32:31 IST" time="1922.971" errors="0">
  <testcase name="verifyLogoDisplayedInHomePage" time="0.084" classname="com.youtube.testCases.YouTubeTest"/>
  <testcase name="verifyAllListedAppsDisplayed" time="5.462" classname="com.youtube.testCases.YouTubeTest"/>
  <testcase name="verifyUserIsAbleToSearchAndScrollTillEnd" time="1879.987" classname="com.youtube.testCases.YouTubeTest"/>
</testsuite> <!-- Default test -->
