<?xml version="1.0" encoding="UTF-8"?>
<testng-results skipped="0" failed="0" ignored="0" total="3" passed="3">
  <reporter-output>
  </reporter-output>
  <suite name="Default suite" duration-ms="1922971" started-at="2021-08-06T23:00:28 IST" finished-at="2021-08-06T23:32:31 IST">
    <groups>
    </groups>
    <test name="Default test" duration-ms="1922971" started-at="2021-08-06T23:00:28 IST" finished-at="2021-08-06T23:32:31 IST">
      <class name="com.youtube.testCases.YouTubeTest">
        <test-method status="PASS" signature="setLog4j()[pri:0, instance:com.youtube.testCases.YouTubeTest@2bbf4b8b]" name="setLog4j" is-config="true" duration-ms="361" started-at="2021-08-06T23:00:28 IST" finished-at="2021-08-06T23:00:28 IST">
          <reporter-output>
          </reporter-output>
        </test-method> <!-- setLog4j -->
        <test-method status="PASS" signature="setUp()[pri:0, instance:com.youtube.testCases.YouTubeTest@2bbf4b8b]" name="setUp" is-config="true" duration-ms="20850" started-at="2021-08-06T23:00:28 IST" finished-at="2021-08-06T23:00:49 IST">
          <reporter-output>
          </reporter-output>
        </test-method> <!-- setUp -->
        <test-method status="PASS" signature="verifyLogoDisplayedInHomePage(java.lang.reflect.Method)[pri:1, instance:com.youtube.testCases.YouTubeTest@2bbf4b8b]" name="verifyLogoDisplayedInHomePage" duration-ms="84" started-at="2021-08-06T23:00:49 IST" finished-at="2021-08-06T23:00:49 IST">
          <params>
            <param index="0">
              <value>
                <![CDATA[public void com.youtube.testCases.YouTubeTest.verifyLogoDisplayedInHomePage(java.lang.reflect.Method)]]>
              </value>
            </param>
          </params>
          <reporter-output>
          </reporter-output>
        </test-method> <!-- verifyLogoDisplayedInHomePage -->
        <test-method status="PASS" signature="tearDown(org.testng.ITestResult)[pri:0, instance:com.youtube.testCases.YouTubeTest@2bbf4b8b]" name="tearDown" is-config="true" duration-ms="5018" started-at="2021-08-06T23:00:49 IST" finished-at="2021-08-06T23:00:54 IST">
          <params>
            <param index="0">
              <value>
                <![CDATA[[TestResult name=verifyLogoDisplayedInHomePage status=SUCCESS method=YouTubeTest.verifyLogoDisplayedInHomePage(java.lang.reflect.Method)[pri:1, instance:com.youtube.testCases.YouTubeTest@2bbf4b8b] output={null}]]]>
              </value>
            </param>
          </params>
          <reporter-output>
          </reporter-output>
        </test-method> <!-- tearDown -->
        <test-method status="PASS" signature="verifyAllListedAppsDisplayed(java.lang.reflect.Method)[pri:2, instance:com.youtube.testCases.YouTubeTest@2bbf4b8b]" name="verifyAllListedAppsDisplayed" duration-ms="5462" started-at="2021-08-06T23:00:54 IST" finished-at="2021-08-06T23:01:00 IST">
          <params>
            <param index="0">
              <value>
                <![CDATA[public void com.youtube.testCases.YouTubeTest.verifyAllListedAppsDisplayed(java.lang.reflect.Method) throws java.lang.InterruptedException]]>
              </value>
            </param>
          </params>
          <reporter-output>
          </reporter-output>
        </test-method> <!-- verifyAllListedAppsDisplayed -->
        <test-method status="PASS" signature="tearDown(org.testng.ITestResult)[pri:0, instance:com.youtube.testCases.YouTubeTest@2bbf4b8b]" name="tearDown" is-config="true" duration-ms="5012" started-at="2021-08-06T23:01:00 IST" finished-at="2021-08-06T23:01:05 IST">
          <params>
            <param index="0">
              <value>
                <![CDATA[[TestResult name=verifyAllListedAppsDisplayed status=SUCCESS method=YouTubeTest.verifyAllListedAppsDisplayed(java.lang.reflect.Method)[pri:2, instance:com.youtube.testCases.YouTubeTest@2bbf4b8b] output={null}]]]>
              </value>
            </param>
          </params>
          <reporter-output>
          </reporter-output>
        </test-method> <!-- tearDown -->
        <test-method status="PASS" signature="verifyUserIsAbleToSearchAndScrollTillEnd(java.lang.reflect.Method)[pri:2, instance:com.youtube.testCases.YouTubeTest@2bbf4b8b]" name="verifyUserIsAbleToSearchAndScrollTillEnd" duration-ms="1879987" started-at="2021-08-06T23:01:05 IST" finished-at="2021-08-06T23:32:25 IST">
          <params>
            <param index="0">
              <value>
                <![CDATA[public void com.youtube.testCases.YouTubeTest.verifyUserIsAbleToSearchAndScrollTillEnd(java.lang.reflect.Method) throws java.lang.InterruptedException]]>
              </value>
            </param>
          </params>
          <reporter-output>
          </reporter-output>
        </test-method> <!-- verifyUserIsAbleToSearchAndScrollTillEnd -->
        <test-method status="PASS" signature="tearDown(org.testng.ITestResult)[pri:0, instance:com.youtube.testCases.YouTubeTest@2bbf4b8b]" name="tearDown" is-config="true" duration-ms="5009" started-at="2021-08-06T23:32:25 IST" finished-at="2021-08-06T23:32:30 IST">
          <params>
            <param index="0">
              <value>
                <![CDATA[[TestResult name=verifyUserIsAbleToSearchAndScrollTillEnd status=SUCCESS method=YouTubeTest.verifyUserIsAbleToSearchAndScrollTillEnd(java.lang.reflect.Method)[pri:2, instance:com.youtube.testCases.YouTubeTest@2bbf4b8b] output={null}]]]>
              </value>
            </param>
          </params>
          <reporter-output>
          </reporter-output>
        </test-method> <!-- tearDown -->
        <test-method status="PASS" signature="endReport()[pri:0, instance:com.youtube.testCases.YouTubeTest@2bbf4b8b]" name="endReport" is-config="true" duration-ms="1084" started-at="2021-08-06T23:32:30 IST" finished-at="2021-08-06T23:32:31 IST">
          <reporter-output>
          </reporter-output>
        </test-method> <!-- endReport -->
      </class> <!-- com.youtube.testCases.YouTubeTest -->
    </test> <!-- Default test -->
  </suite> <!-- Default suite -->
</testng-results>
